  HookBridge.cpp
HookBridge.cpp(5): warning C4273: 'CallMethod': inconsistent dll linkage
  f:\nativeplugindemo\platforms\win\oshook\oshook\HookBridge.h(9): note: see previous definition of 'CallMethod'
HookBridge.cpp(9): warning C4273: 'ReturnString': inconsistent dll linkage
  f:\nativeplugindemo\platforms\win\oshook\oshook\HookBridge.h(11): note: see previous definition of 'ReturnString'
HookBridge.cpp(13): warning C4273: 'ReturnInt': inconsistent dll linkage
  f:\nativeplugindemo\platforms\win\oshook\oshook\HookBridge.h(13): note: see previous definition of 'ReturnInt'
HookBridge.cpp(17): warning C4273: 'getTrackResultId': inconsistent dll linkage
  f:\nativeplugindemo\platforms\win\oshook\oshook\HookBridge.h(15): note: see previous definition of 'getTrackResultId'
HookBridge.cpp(18): warning C4996: 'strcpy': This function or variable may be unsafe. Consider using strcpy_s instead. To disable deprecation, use _CRT_SECURE_NO_WARNINGS. See online help for details.
  C:\Program Files (x86)\Windows Kits\10\Include\10.0.10240.0\ucrt\string.h(119): note: see declaration of 'strcpy'
HookBridge.cpp(22): warning C4273: 'foo': inconsistent dll linkage
  f:\nativeplugindemo\platforms\win\oshook\oshook\HookBridge.h(17): note: see previous definition of 'foo'
     Creating library F:\NativePluginDemo\Platforms\Win\OSHook\x64\Release\OSHook.lib and object F:\NativePluginDemo\Platforms\Win\OSHook\x64\Release\OSHook.exp
  Generating code
  1 of 5 functions (20.0%) were compiled, the rest were copied from previous compilation.
    0 functions were new in current compilation
    0 functions had inline decision re-evaluated but remain unchanged
  Finished generating code
  OSHook.vcxproj -> F:\NativePluginDemo\Platforms\Win\OSHook\x64\Release\OSHook.dll
  OSHook.vcxproj -> F:\NativePluginDemo\Platforms\Win\OSHook\x64\Release\OSHook.pdb (Full PDB)
